<?xml version="1.0" encoding="UTF-8"?>
<testsuites name="jest tests" tests="4" failures="0" errors="0" time="1.345">
  <testsuite name="Exchange Rate API Tests" errors="0" failures="0" skipped="0" timestamp="2024-01-31T18:46:29" time="1.286" tests="4">
    <testcase classname="Exchange Rate API Tests Verify the HTTP status is 200" name="Exchange Rate API Tests Verify the HTTP status is 200" time="0.329">
    </testcase>
    <testcase classname="Exchange Rate API Tests Count the total number of currencies returned within the response" name="Exchange Rate API Tests Count the total number of currencies returned within the response" time="0.261">
    </testcase>
    <testcase classname="Exchange Rate API Tests Verify the currency &quot;GBP&quot; is shown within the response" name="Exchange Rate API Tests Verify the currency &quot;GBP&quot; is shown within the response" time="0.24">
    </testcase>
    <testcase classname="Exchange Rate API Tests Verify that when an invalid currency &quot;ZA&quot; that the test fails and prints out error Stack " name="Exchange Rate API Tests Verify that when an invalid currency &quot;ZA&quot; that the test fails and prints out error Stack " time="0.25">
    </testcase>
  </testsuite>
</testsuites>